20:36:21.168 [main] DEBUG org.apache.poi.openxml4j.opc.PackageRelationshipCollection - Parsing relationship: /xl/worksheets/_rels/sheet1.xml.rels
20:36:21.173 [main] DEBUG org.apache.poi.openxml4j.opc.PackageRelationshipCollection - Parsing relationship: /_rels/.rels
20:36:21.181 [main] DEBUG org.apache.poi.openxml4j.opc.PackageRelationshipCollection - Parsing relationship: /xl/_rels/workbook.xml.rels
20:36:21.181 [main] DEBUG org.apache.poi.openxml4j.opc.PackageRelationshipCollection - Parsing relationship: /xl/worksheets/_rels/sheet1.xml.rels
20:36:21.182 [main] DEBUG org.apache.poi.openxml4j.opc.PackageRelationshipCollection - Parsing relationship: /_rels/.rels
20:36:21.188 [main] DEBUG org.apache.poi.openxml4j.opc.PackageRelationshipCollection - Parsing relationship: /xl/_rels/workbook.xml.rels
20:36:21.188 [main] DEBUG org.apache.poi.openxml4j.opc.PackageRelationshipCollection - Parsing relationship: /xl/worksheets/_rels/sheet1.xml.rels
20:36:21.188 [main] DEBUG org.apache.poi.openxml4j.opc.PackageRelationshipCollection - Parsing relationship: /_rels/.rels
20:36:21.194 [main] DEBUG org.apache.poi.openxml4j.opc.PackageRelationshipCollection - Parsing relationship: /xl/_rels/workbook.xml.rels
20:36:21.194 [main] DEBUG org.apache.poi.openxml4j.opc.PackageRelationshipCollection - Parsing relationship: /xl/worksheets/_rels/sheet1.xml.rels
20:36:21.194 [main] DEBUG org.apache.poi.openxml4j.opc.PackageRelationshipCollection - Parsing relationship: /_rels/.rels
20:36:35.576 [main] INFO  testcases.TC002_LoginDDT - ****** Starting TC002_LoginDDT ******
20:36:35.585 [main] INFO  testcases.TC002_LoginDDT - Email used for login: xyz@brandm3dia.com
20:36:35.585 [main] INFO  testcases.TC002_LoginDDT - Password used for login: brandm3dia
20:36:51.211 [main] INFO  testcases.TC002_LoginDDT - Login failed with invalid credentials as expected.
20:36:51.214 [main] INFO  testcases.TC002_LoginDDT - Clearing fields after the test execution
20:36:51.749 [main] INFO  testcases.TC002_LoginDDT - ******* Finished TC002_LoginDDT ******
20:37:04.169 [main] INFO  testcases.TC002_LoginDDT - ****** Starting TC002_LoginDDT ******
20:37:04.170 [main] INFO  testcases.TC002_LoginDDT - Email used for login: admin@brandm3dia.com
20:37:04.170 [main] INFO  testcases.TC002_LoginDDT - Password used for login: brandm2dia
20:37:19.583 [main] INFO  testcases.TC002_LoginDDT - Login failed with invalid credentials as expected.
20:37:19.584 [main] INFO  testcases.TC002_LoginDDT - Clearing fields after the test execution
20:37:20.159 [main] INFO  testcases.TC002_LoginDDT - ******* Finished TC002_LoginDDT ******
20:37:32.192 [main] INFO  testcases.TC002_LoginDDT - ****** Starting TC002_LoginDDT ******
20:37:32.193 [main] INFO  testcases.TC002_LoginDDT - Email used for login: admin@brandm3dia.com
20:37:32.193 [main] INFO  testcases.TC002_LoginDDT - Password used for login: brandm3dia
20:37:41.311 [main] INFO  testcases.TC002_LoginDDT - Clearing fields after the test execution
20:52:00.140 [main] DEBUG org.testng.TestNG - suiteXmlPath: "/Users/laxmigurung/BrandMedia/Spin2Win_Automation/Spin2WinAutomation/master.xml"
20:52:00.238 [main] INFO  org.testng.internal.Utils - [TestNG] Running:
  /Users/laxmigurung/BrandMedia/Spin2Win_Automation/Spin2WinAutomation/master.xml

20:52:00.307 [main] DEBUG org.apache.poi.openxml4j.opc.PackageRelationshipCollection - Parsing relationship: /xl/_rels/workbook.xml.rels
20:52:00.309 [main] DEBUG org.apache.poi.openxml4j.opc.PackageRelationshipCollection - Parsing relationship: /xl/worksheets/_rels/sheet1.xml.rels
20:52:00.309 [main] DEBUG org.apache.poi.openxml4j.opc.PackageRelationshipCollection - Parsing relationship: /_rels/.rels
20:52:00.502 [main] DEBUG org.apache.poi.openxml4j.opc.PackageRelationshipCollection - Parsing relationship: /xl/_rels/workbook.xml.rels
20:52:00.503 [main] DEBUG org.apache.poi.openxml4j.opc.PackageRelationshipCollection - Parsing relationship: /xl/worksheets/_rels/sheet1.xml.rels
20:52:00.504 [main] DEBUG org.apache.poi.openxml4j.opc.PackageRelationshipCollection - Parsing relationship: /_rels/.rels
20:52:00.514 [main] DEBUG org.apache.poi.openxml4j.opc.PackageRelationshipCollection - Parsing relationship: /xl/_rels/workbook.xml.rels
20:52:00.514 [main] DEBUG org.apache.poi.openxml4j.opc.PackageRelationshipCollection - Parsing relationship: /xl/worksheets/_rels/sheet1.xml.rels
20:52:00.514 [main] DEBUG org.apache.poi.openxml4j.opc.PackageRelationshipCollection - Parsing relationship: /_rels/.rels
20:52:00.524 [main] DEBUG org.apache.poi.openxml4j.opc.PackageRelationshipCollection - Parsing relationship: /xl/_rels/workbook.xml.rels
20:52:00.525 [main] DEBUG org.apache.poi.openxml4j.opc.PackageRelationshipCollection - Parsing relationship: /xl/worksheets/_rels/sheet1.xml.rels
20:52:00.525 [main] DEBUG org.apache.poi.openxml4j.opc.PackageRelationshipCollection - Parsing relationship: /_rels/.rels
20:52:00.533 [main] DEBUG org.apache.poi.openxml4j.opc.PackageRelationshipCollection - Parsing relationship: /xl/_rels/workbook.xml.rels
